{
  "stats": {
    "suites": 1,
    "tests": 1,
    "passes": 1,
    "pending": 0,
    "failures": 0,
    "start": "2023-02-08T05:04:19.334Z",
    "end": "2023-02-08T05:04:36.094Z",
    "duration": 16760,
    "testsRegistered": 1,
    "passPercent": 100,
    "pendingPercent": 0,
    "other": 0,
    "hasOther": false,
    "skipped": 0,
    "hasSkipped": false
  },
  "results": [
    {
      "uuid": "d3d77e1c-dbf4-4f96-83a3-0d4bba79898b",
      "title": "",
      "fullFile": "cypress\\e2e\\LoginDemo2.cy.js",
      "file": "cypress\\e2e\\LoginDemo2.cy.js",
      "beforeHooks": [],
      "afterHooks": [],
      "tests": [],
      "suites": [
        {
          "uuid": "c4a9c59b-63af-433e-a4b5-7214f94d336f",
          "title": "login Testsuite",
          "fullFile": "",
          "file": "",
          "beforeHooks": [],
          "afterHooks": [],
          "tests": [
            {
              "title": "loginTestcase",
              "fullTitle": "login Testsuite loginTestcase",
              "timedOut": null,
              "duration": 12010,
              "state": "passed",
              "speed": "slow",
              "pass": true,
              "fail": false,
              "pending": false,
              "context": null,
              "code": "const loginpage2 = new _LoginPage.default();\ncy.visit('https://www.demo.guru99.com/test/newtours/index.php');\nloginpage2.getUsername().type(this.data.userName);\nloginpage2.getPassword().type(this.data.password);\nloginpage2.getClick().click();\nconst homePage = new _HomePage.HomePage();\nhomePage.getWelcomeMessaage().should('have.text', 'Login Successfully');",
              "err": {},
              "uuid": "e667dd13-8a4d-4750-9674-b4c57ec9501d",
              "parentUUID": "c4a9c59b-63af-433e-a4b5-7214f94d336f",
              "isHook": false,
              "skipped": false
            }
          ],
          "suites": [],
          "passes": [
            "e667dd13-8a4d-4750-9674-b4c57ec9501d"
          ],
          "failures": [],
          "pending": [],
          "skipped": [],
          "duration": 12010,
          "root": false,
          "rootEmpty": false,
          "_timeout": 2000
        }
      ],
      "passes": [],
      "failures": [],
      "pending": [],
      "skipped": [],
      "duration": 0,
      "root": true,
      "rootEmpty": true,
      "_timeout": 2000
    }
  ],
  "meta": {
    "mocha": {
      "version": "7.0.1"
    },
    "mochawesome": {
      "options": {
        "quiet": false,
        "reportFilename": "mochawesome",
        "saveHtml": false,
        "saveJson": true,
        "consoleReporter": "spec",
        "useInlineDiffs": false,
        "code": true
      },
      "version": "7.1.3"
    },
    "marge": {
      "options": {
        "chats": true,
        "overwrite": false,
        "html": false,
        "json": true,
        "reportDir": "cypress/reports"
      },
      "version": "6.2.0"
    }
  }
}